  SK8RAT.cpp
c:\users\john\source\repos\sk8rat\sk8rat\helper.h(148): warning C4244: 'initializing': conversion from 'double' to 'DWORD', possible loss of data
c:\users\john\source\repos\sk8rat\sk8rat\helper.h(149): warning C4244: 'initializing': conversion from 'double' to 'DWORD', possible loss of data
c:\users\john\source\repos\sk8rat\sk8rat\agent.h(248): warning C4018: '<=': signed/unsigned mismatch
c:\users\john\source\repos\sk8rat\sk8rat\agent.h(331): warning C4307: '+': integral constant overflow
c:\users\john\source\repos\sk8rat\sk8rat\agent.h(356): warning C4311: 'type cast': pointer truncation from 'HINSTANCE' to 'int'
c:\users\john\source\repos\sk8rat\sk8rat\agent.h(356): warning C4302: 'type cast': truncation from 'HINSTANCE' to 'int'
c:\users\john\source\repos\sk8rat\sk8rat\agent.h(379): warning C4552: '+': result of expression not used
c:\users\john\source\repos\sk8rat\sk8rat\agent.h(428): warning C4101: 'dwWritten': unreferenced local variable
c:\users\john\source\repos\sk8rat\sk8rat\agent.h(465): warning C4552: '+': result of expression not used
c:\users\john\source\repos\sk8rat\sk8rat\agent.h(478): warning C4552: '+': result of expression not used
c:\users\john\source\repos\sk8rat\sk8rat\agent.h(523): warning C4477: 'printf' : format string '%i' requires an argument of type 'int', but variadic argument 2 has type 'size_t'
  c:\users\john\source\repos\sk8rat\sk8rat\agent.h(523): note: consider using '%zi' in the format string
c:\users\john\source\repos\sk8rat\sk8rat\agent.h(524): warning C4267: 'argument': conversion from 'size_t' to 'DWORD', possible loss of data
c:\users\john\source\repos\sk8rat\sk8rat\agent.h(538): warning C4101: 'dwWritten2': unreferenced local variable
c:\users\john\source\repos\sk8rat\sk8rat\commandcontrol.h(150): warning C4267: 'initializing': conversion from 'size_t' to 'DWORD', possible loss of data
c:\users\john\source\repos\sk8rat\sk8rat\commandcontrol.h(262): warning C4267: 'initializing': conversion from 'size_t' to 'DWORD', possible loss of data
c:\users\john\source\repos\sk8rat\sk8rat\commandcontrol.h(372): warning C4267: 'initializing': conversion from 'size_t' to 'DWORD', possible loss of data
c:\users\john\source\repos\sk8rat\sk8rat\commandcontrol.h(376): warning C4267: 'initializing': conversion from 'size_t' to 'DWORD', possible loss of data
c:\users\john\source\repos\sk8rat\sk8rat\sk8rat.cpp(206): warning C4267: 'initializing': conversion from 'size_t' to 'int', possible loss of data
c:\users\john\source\repos\sk8rat\sk8rat\agent.h(48): warning C4715: 'get_internalip': not all control paths return a value
  SK8RAT.vcxproj -> C:\Users\John\source\repos\SK8RAT\x64\Debug\SK8RAT.exe
