  SK8RAT.cpp
c:\users\john\source\repos\sk8rat\sk8rat\helper.h(143): warning C4244: 'initializing': conversion from 'double' to 'DWORD', possible loss of data
c:\users\john\source\repos\sk8rat\sk8rat\helper.h(144): warning C4244: 'initializing': conversion from 'double' to 'DWORD', possible loss of data
c:\users\john\source\repos\sk8rat\sk8rat\agent.h(263): warning C4018: '<=': signed/unsigned mismatch
c:\users\john\source\repos\sk8rat\sk8rat\agent.h(350): warning C4307: '+': integral constant overflow
c:\users\john\source\repos\sk8rat\sk8rat\agent.h(376): warning C4311: 'type cast': pointer truncation from 'HINSTANCE' to 'int'
c:\users\john\source\repos\sk8rat\sk8rat\agent.h(376): warning C4302: 'type cast': truncation from 'HINSTANCE' to 'int'
c:\users\john\source\repos\sk8rat\sk8rat\agent.h(403): warning C4552: '+': result of expression not used
c:\users\john\source\repos\sk8rat\sk8rat\agent.h(416): warning C4552: '+': result of expression not used
c:\users\john\source\repos\sk8rat\sk8rat\agent.h(469): warning C4267: 'argument': conversion from 'size_t' to 'DWORD', possible loss of data
c:\users\john\source\repos\sk8rat\sk8rat\agent.h(483): warning C4101: 'dwWritten2': unreferenced local variable
c:\users\john\source\repos\sk8rat\sk8rat\commandcontrol.h(68): warning C4267: 'initializing': conversion from 'size_t' to 'DWORD', possible loss of data
c:\users\john\source\repos\sk8rat\sk8rat\commandcontrol.h(186): warning C4267: 'initializing': conversion from 'size_t' to 'DWORD', possible loss of data
c:\users\john\source\repos\sk8rat\sk8rat\commandcontrol.h(194): warning C4267: 'initializing': conversion from 'size_t' to 'DWORD', possible loss of data
c:\users\john\source\repos\sk8rat\sk8rat\commandcontrol.h(461): warning C4267: 'initializing': conversion from 'size_t' to 'int', possible loss of data
c:\users\john\source\repos\sk8rat\sk8rat\commandcontrol.h(533): warning C4267: 'initializing': conversion from 'size_t' to 'int', possible loss of data
c:\users\john\source\repos\sk8rat\sk8rat\commandcontrol.h(745): warning C4267: 'initializing': conversion from 'size_t' to 'int', possible loss of data
  Generating code
  18 of 1605 functions ( 1.1%) were compiled, the rest were copied from previous compilation.
    0 functions were new in current compilation
    0 functions had inline decision re-evaluated but remain unchanged
  Finished generating code
  SK8RAT.vcxproj -> C:\Users\John\source\repos\SK8RAT\x64\Release\SK8RAT.exe
